<?xml version="1.0" encoding="UTF-8"?>
<testng-results skipped="0" failed="0" total="1" passed="1">
  <reporter-output>
  </reporter-output>
  <suite name="suite1" duration-ms="6013" started-at="2020-07-06T14:01:33Z" finished-at="2020-07-06T14:01:39Z">
    <groups>
    </groups>
    <test name="test1" duration-ms="6013" started-at="2020-07-06T14:01:33Z" finished-at="2020-07-06T14:01:39Z">
      <class name="com.tests.GooglePageTest">
        <test-method status="PASS" signature="verifyGooglePageTest()[pri:0, instance:com.tests.GooglePageTest@340f438e]" name="verifyGooglePageTest" duration-ms="6004" started-at="2020-07-06T19:31:33Z" finished-at="2020-07-06T19:31:39Z">
          <reporter-output>
          </reporter-output>
        </test-method> <!-- verifyGooglePageTest -->
      </class> <!-- com.tests.GooglePageTest -->
    </test> <!-- test1 -->
  </suite> <!-- suite1 -->
</testng-results>
